<?xml version="1.0" encoding="UTF-8"?>
<testsuite xmlns:xsi="http://www.w3.org/2001/XMLSchema-instance" xsi:noNamespaceSchemaLocation="https://maven.apache.org/surefire/maven-surefire-plugin/xsd/surefire-test-report-3.0.xsd" version="3.0" name="marlonigor.com.todolist.TodolistApplicationTests" time="5.728" tests="1" errors="0" skipped="0" failures="0">
  <properties>
[...]
</properties>
  <testcase name="contextLoads" classname="marlonigor.com.todolist.TodolistApplicationTests" time="1.534">
    <system-out><![CDATA[13:52:57.311 [main] INFO org.springframework.test.context.support.AnnotationConfigContextLoaderUtils -- Could not detect default configuration classes for test class [marlonigor.com.todolist.TodolistApplicationTests]: TodolistApplicationTests does not declare any static, non-private, non-final, nested classes annotated with @Configuration.
13:52:57.478 [main] INFO org.springframework.boot.test.context.SpringBootTestContextBootstrapper -- Found @SpringBootConfiguration marlonigor.com.todolist.TodolistApplication for test class marlonigor.com.todolist.TodolistApplicationTests

  .   ____          _            __ _ _
 /\\ / ___'_ __ _ _(_)_ __  __ _ \ \ \ \
( ( )\___ | '_ | '_| | '_ \/ _` | \ \ \ \
 \\/  ___)| |_)| | | | | || (_| |  ) ) ) )
  '  |____| .__|_| |_|_| |_\__, | / / / /
 =========|_|==============|___/=/_/_/_/
 :: Spring Boot ::                (v3.1.4)

2023-10-12T13:52:58.243-03:00  INFO 11692 --- [           main] m.com.todolist.TodolistApplicationTests  : Starting TodolistApplicationTests using Java 17.0.6 with PID 11692 (started by marlo in c:\Users\marlo\OneDrive\Backup\Documentos\Cursos\Rocketseat\todolist)
2023-10-12T13:52:58.246-03:00  INFO 11692 --- [           main] m.com.todolist.TodolistApplicationTests  : No active profile set, falling back to 1 default profile: "default"
2023-10-12T13:53:00.952-03:00  INFO 11692 --- [           main] o.s.b.a.e.web.EndpointLinksResolver      : Exposing 1 endpoint(s) beneath base path '/actuator'
2023-10-12T13:53:01.052-03:00  INFO 11692 --- [           main] m.com.todolist.TodolistApplicationTests  : Started TodolistApplicationTests in 3.268 seconds (process running for 5.089)
]]></system-out>
  </testcase>
</testsuite>